<?xml version="1.0" encoding="UTF-8"?>
<testsuite xmlns:xsi="http://www.w3.org/2001/XMLSchema-instance" xsi:noNamespaceSchemaLocation="https://maven.apache.org/surefire/maven-surefire-plugin/xsd/surefire-test-report.xsd" name="TestCases" time="4.161" tests="20" errors="0" skipped="0" failures="8">
  <properties>
[...]
</properties>
  <testcase name="basicChecks" classname="TestCases" time="0.04"/>
  <testcase name="registerCollege" classname="TestCases" time="3.21"/>
  <testcase name="registerCollegeException" classname="TestCases" time="0.032">
    <failure message="Multiple Failures (1 failure)&#10;	org.opentest4j.AssertionFailedError: method is not throwing exception, even when we are passing null objects while adding an college ==&gt; Unexpected exception type thrown, expected: &lt;exceptions.CollegeException&gt; but was: &lt;java.lang.IllegalArgumentException&gt;" type="org.opentest4j.MultipleFailuresError"><![CDATA[org.opentest4j.MultipleFailuresError: 
Multiple Failures (1 failure)
	org.opentest4j.AssertionFailedError: method is not throwing exception, even when we are passing null objects while adding an college ==> Unexpected exception type thrown, expected: <exceptions.CollegeException> but was: <java.lang.IllegalArgumentException>
	at TestCases.registerCollegeException(TestCases.java:80)
]]></failure>
    <system-out><![CDATA[Hibernate: insert into College (collegeAddress, collegeName) values (?, ?)
]]></system-out>
  </testcase>
  <testcase name="getCollegeFromCollegeId" classname="TestCases" time="0.049"/>
  <testcase name="getCollegeFromCollegeIdException" classname="TestCases" time="0.022"/>
  <testcase name="getAllCollege" classname="TestCases" time="0.404"/>
  <testcase name="getAllCollegeException" classname="TestCases" time="0.014">
    <failure message="Multiple Failures (1 failure)&#10;	org.opentest4j.AssertionFailedError: getAllCollege method is not throwing exception even non of the college is in database ==&gt; Expected exceptions.CollegeException to be thrown, but nothing was thrown." type="org.opentest4j.MultipleFailuresError">org.opentest4j.MultipleFailuresError: 
Multiple Failures (1 failure)
	org.opentest4j.AssertionFailedError: getAllCollege method is not throwing exception even non of the college is in database ==> Expected exceptions.CollegeException to be thrown, but nothing was thrown.
	at TestCases.getAllCollegeException(TestCases.java:169)
</failure>
    <system-out><![CDATA[Hibernate: delete from Student
Hibernate: delete from College
Hibernate: Select * From college
]]></system-out>
  </testcase>
  <testcase name="registerStudentToCollege" classname="TestCases" time="0.026">
    <failure message="Multiple Failures (1 failure)&#10;	java.lang.NullPointerException: Cannot invoke &quot;Object.getClass()&quot; because &quot;obj&quot; is null" type="org.opentest4j.MultipleFailuresError">org.opentest4j.MultipleFailuresError: 
Multiple Failures (1 failure)
	java.lang.NullPointerException: Cannot invoke "Object.getClass()" because "obj" is null
	at TestCases.registerStudentToCollege(TestCases.java:194)
</failure>
    <system-out><![CDATA[Hibernate: insert into Student (college_collegeId, email, mobileNumber, status, studentName) values (?, ?, ?, ?, ?)
Hibernate: insert into College (collegeAddress, collegeName) values (?, ?)
Hibernate: select c1_0.collegeId,c1_0.collegeAddress,c1_0.collegeName from College c1_0 where c1_0.collegeId=?
Hibernate: select s1_0.studentRoll,c1_0.collegeId,c1_0.collegeAddress,c1_0.collegeName,s1_0.email,s1_0.mobileNumber,s1_0.status,s1_0.studentName from Student s1_0 left join College c1_0 on c1_0.collegeId=s1_0.college_collegeId where s1_0.studentRoll=?
]]></system-out>
  </testcase>
  <testcase name="registerStudentToCollegeException" classname="TestCases" time="0.036"/>
  <testcase name="getAllStudentsFromCollegeId" classname="TestCases" time="0.024">
    <failure message="Multiple Failures (1 failure)&#10;	java.lang.NullPointerException: Cannot invoke &quot;java.util.List.size()&quot; because &quot;students&quot; is null" type="org.opentest4j.MultipleFailuresError">org.opentest4j.MultipleFailuresError: 
Multiple Failures (1 failure)
	java.lang.NullPointerException: Cannot invoke "java.util.List.size()" because "students" is null
	at TestCases.getAllStudentsFromCollegeId(TestCases.java:245)
</failure>
    <system-out><![CDATA[Hibernate: delete from Student
Hibernate: delete from College
Hibernate: insert into College (collegeAddress, collegeName) values (?, ?)
Hibernate: insert into Student (college_collegeId, email, mobileNumber, status, studentName) values (?, ?, ?, ?, ?)
Hibernate: insert into Student (college_collegeId, email, mobileNumber, status, studentName) values (?, ?, ?, ?, ?)
]]></system-out>
  </testcase>
  <testcase name="getAllStudentsFromCollegeIdException" classname="TestCases" time="0.014">
    <failure message="Multiple Failures (1 failure)&#10;	org.opentest4j.AssertionFailedError: getAllStudentsFromCollegeId method is not throwing exception even non of the student register to the college ==&gt; Expected exceptions.StudentException to be thrown, but nothing was thrown." type="org.opentest4j.MultipleFailuresError">org.opentest4j.MultipleFailuresError: 
Multiple Failures (1 failure)
	org.opentest4j.AssertionFailedError: getAllStudentsFromCollegeId method is not throwing exception even non of the student register to the college ==> Expected exceptions.StudentException to be thrown, but nothing was thrown.
	at TestCases.getAllStudentsFromCollegeIdException(TestCases.java:272)
</failure>
    <system-out><![CDATA[Hibernate: delete from Student
Hibernate: delete from College
Hibernate: insert into College (collegeAddress, collegeName) values (?, ?)
]]></system-out>
  </testcase>
  <testcase name="registerStudent" classname="TestCases" time="0.01"/>
  <testcase name="registerStudentException" classname="TestCases" time="0.008">
    <failure message="Multiple Failures (1 failure)&#10;	org.opentest4j.AssertionFailedError: method is not throwing exception, even when we are passing null objects while adding an college ==&gt; Unexpected exception type thrown, expected: &lt;exceptions.CollegeException&gt; but was: &lt;java.lang.IllegalArgumentException&gt;" type="org.opentest4j.MultipleFailuresError"><![CDATA[org.opentest4j.MultipleFailuresError: 
Multiple Failures (1 failure)
	org.opentest4j.AssertionFailedError: method is not throwing exception, even when we are passing null objects while adding an college ==> Unexpected exception type thrown, expected: <exceptions.CollegeException> but was: <java.lang.IllegalArgumentException>
	at TestCases.registerStudentException(TestCases.java:329)
]]></failure>
    <system-out><![CDATA[Hibernate: insert into Student (college_collegeId, email, mobileNumber, status, studentName) values (?, ?, ?, ?, ?)
]]></system-out>
  </testcase>
  <testcase name="getStudentFromCollegeId" classname="TestCases" time="0.034"/>
  <testcase name="getStudentFromCollegeIdException" classname="TestCases" time="0.015"/>
  <testcase name="getAllActiveStudents" classname="TestCases" time="0.132"/>
  <testcase name="getAllActiveStudentsException" classname="TestCases" time="0.016">
    <failure message="Multiple Failures (1 failure)&#10;	org.opentest4j.AssertionFailedError: getAllActiveStudents method is not throwing exception even non of the student register ==&gt; Expected exceptions.StudentException to be thrown, but nothing was thrown." type="org.opentest4j.MultipleFailuresError">org.opentest4j.MultipleFailuresError: 
Multiple Failures (1 failure)
	org.opentest4j.AssertionFailedError: getAllActiveStudents method is not throwing exception even non of the student register ==> Expected exceptions.StudentException to be thrown, but nothing was thrown.
	at TestCases.getAllActiveStudentsException(TestCases.java:429)
</failure>
    <system-out><![CDATA[Hibernate: delete from Student
Hibernate: delete from College
Hibernate: select s1_0.studentRoll,s1_0.college_collegeId,s1_0.email,s1_0.mobileNumber,s1_0.status,s1_0.studentName from Student s1_0 where s1_0.status=?
]]></system-out>
  </testcase>
  <testcase name="getCollegeFromStudentId" classname="TestCases" time="0.031"/>
  <testcase name="getCollegeFromStudentIdsException" classname="TestCases" time="0.017">
    <failure message="Multiple Failures (1 failure)&#10;	org.opentest4j.AssertionFailedError: getCollegeFromStudentIdsException method is not throwing Exception when unknown StudentId/roll pass ==&gt; Unexpected exception type thrown, expected: &lt;exceptions.StudentException&gt; but was: &lt;exceptions.CollegeException&gt;" type="org.opentest4j.MultipleFailuresError"><![CDATA[org.opentest4j.MultipleFailuresError: 
Multiple Failures (1 failure)
	org.opentest4j.AssertionFailedError: getCollegeFromStudentIdsException method is not throwing Exception when unknown StudentId/roll pass ==> Unexpected exception type thrown, expected: <exceptions.StudentException> but was: <exceptions.CollegeException>
	at TestCases.getCollegeFromStudentIdsException(TestCases.java:477)
]]></failure>
    <system-out><![CDATA[Hibernate: delete from Student
Hibernate: delete from College
Hibernate: select s1_0.studentRoll,c1_0.collegeId,c1_0.collegeAddress,c1_0.collegeName,s1_0.email,s1_0.mobileNumber,s1_0.status,s1_0.studentName from Student s1_0 left join College c1_0 on c1_0.collegeId=s1_0.college_collegeId where s1_0.studentRoll=?
]]></system-out>
  </testcase>
  <testcase name="buildScore" classname="TestCases" time="0.001"/>
</testsuite>